Testing rest-heroes:semeru

2024-12-11 16:29:53.792192642 -0500
2024-12-11 16:29:53.974847558
First Response Time in ms: 182
Footprint in MB:        : 141
ce94e7d3fa8dacb0a2da821ab419a28e7a6d48112650c4472d886c057791b447
ce94e7d3fa8dacb0a2da821ab419a28e7a6d48112650c4472d886c057791b447

2024-12-11 16:30:06.780935427 -0500
2024-12-11 16:30:06.967165049
First Response Time in ms: 187
Footprint in MB:        : 141
51c03b774a058df4c4a931d13a34ae17575c83140e90ca43ff00d9e052a57902
51c03b774a058df4c4a931d13a34ae17575c83140e90ca43ff00d9e052a57902

2024-12-11 16:30:19.782213755 -0500
2024-12-11 16:30:19.950574006
First Response Time in ms: 168
Footprint in MB:        : 141
0952f062dfdcd1089d16cf04a086e6a9a867bc1c340f271b16f4e4ade145cb5c
0952f062dfdcd1089d16cf04a086e6a9a867bc1c340f271b16f4e4ade145cb5c

2024-12-11 16:30:32.783819381 -0500
2024-12-11 16:30:32.972780004
First Response Time in ms: 189
Footprint in MB:        : 141
45be555f3889e30219234e44100884c87d5d30911932d67e21dcda4bbbf6ab51
45be555f3889e30219234e44100884c87d5d30911932d67e21dcda4bbbf6ab51

2024-12-11 16:30:45.767388364 -0500
2024-12-11 16:30:45.960562440
First Response Time in ms: 193
Footprint in MB:        : 141
c772dfe0b40be9beb2a781cd5a1e651424d7ced1dc2b1a36247a9e27592780cb
c772dfe0b40be9beb2a781cd5a1e651424d7ced1dc2b1a36247a9e27592780cb

2024-12-11 16:30:58.756918912 -0500
2024-12-11 16:30:58.936470591
First Response Time in ms: 180
Footprint in MB:        : 143
432bd866d09c8cba423716b2851cdf2f349a8f4dbbfa27d25a4fe48f759369e1
432bd866d09c8cba423716b2851cdf2f349a8f4dbbfa27d25a4fe48f759369e1

2024-12-11 16:31:11.785405626 -0500
2024-12-11 16:31:11.974328724
First Response Time in ms: 189
Footprint in MB:        : 141
8f5b670adb528de5d09695cb4dd1e4b4ef29470dd1f8bb3c14165e6182ced318
8f5b670adb528de5d09695cb4dd1e4b4ef29470dd1f8bb3c14165e6182ced318

2024-12-11 16:31:24.761682265 -0500
2024-12-11 16:31:24.956941103
First Response Time in ms: 195
Footprint in MB:        : 142
316a16c1c171109a4dc6d37fe0908267428a88c5e32174a7b2b880340e4b5258
316a16c1c171109a4dc6d37fe0908267428a88c5e32174a7b2b880340e4b5258

2024-12-11 16:31:37.767112823 -0500
2024-12-11 16:31:37.957872654
First Response Time in ms: 190
Footprint in MB:        : 141
a63c89f6d3c43b83b389b357070efeadd3dab6653534766012486e80d5d7e79f
a63c89f6d3c43b83b389b357070efeadd3dab6653534766012486e80d5d7e79f

2024-12-11 16:31:50.760863109 -0500
2024-12-11 16:31:50.931946578
First Response Time in ms: 171
Footprint in MB:        : 141
d96c2bef82411df03cb0280902c4271101e4383d2c833dea59071f64918a629f
d96c2bef82411df03cb0280902c4271101e4383d2c833dea59071f64918a629f
