Testing quay.io/quarkus-super-heroes/rest-villains:native-latest


   ___                   _                ____                        _
  / _ \ _   _  __ _ _ __| | ___   _ ___  / ___| _   _ _ __   ___ _ __| |__   ___ _ __ ___   ___  ___
 | | | | | | |/ _` | '__| |/ / | | / __| \___ \| | | | '_ \ / _ \ '__| '_ \ / _ \ '__/ _ \ / _ \/ __|
 | |_| | |_| | (_| | |  |   <| |_| \__ \  ___) | |_| | |_) |  __/ |  | | | |  __/ | | (_) |  __/\__ \
  \__\_\\__,_|\__,_|_|  |_|\_\\__,_|___/ |____/ \__,_| .__/ \___|_|  |_| |_|\___|_|  \___/ \___||___/
 __     ___ _ _       _                              |_|
 \ \   / (_) | | __ _(_)_ __  ___
  \ \ / /| | | |/ _` | | '_ \/ __|
   \ V / | | | | (_| | | | | \__ \
    \_/  |_|_|_|\__,_|_|_| |_|___/


                                                                            Powered by Quarkus 3.17.2
21:43:13 WARN  traceId=, parentId=, spanId=, sampled= [io.qu.ru.co.ConfigRecorder] (main) Build time property cannot be changed at runtime:
 - %prod.quarkus.hibernate-orm.sql-load-script is set to 'no-file' but it is build time fixed to 'import.sql'. Did you change the property %prod.quarkus.hibernate-orm.sql-load-script after building the application?
21:43:13 INFO  traceId=, parentId=, spanId=, sampled= [io.qu.sa.su.vi.VillainApplicationLifeCycle] (main)  __     ___ _ _       _             _    ____ ___ 
21:43:13 INFO  traceId=, parentId=, spanId=, sampled= [io.qu.sa.su.vi.VillainApplicationLifeCycle] (main)  \ \   / (_) | | __ _(_)_ __       / \  |  _ \_ _|
21:43:13 INFO  traceId=, parentId=, spanId=, sampled= [io.qu.sa.su.vi.VillainApplicationLifeCycle] (main)   \ \ / /| | | |/ _` | | '_ \     / _ \ | |_) | | 
21:43:13 INFO  traceId=, parentId=, spanId=, sampled= [io.qu.sa.su.vi.VillainApplicationLifeCycle] (main)    \ V / | | | | (_| | | | | |   / ___ \|  __/| | 
21:43:13 INFO  traceId=, parentId=, spanId=, sampled= [io.qu.sa.su.vi.VillainApplicationLifeCycle] (main)     \_/  |_|_|_|\__,_|_|_| |_|  /_/   \_\_|  |___|
21:43:13 INFO  traceId=, parentId=, spanId=, sampled= [io.qu.sa.su.vi.VillainApplicationLifeCycle] (main) The application VILLAIN is starting with profile [prod]
21:43:13 INFO  traceId=, parentId=, spanId=, sampled= [io.quarkus] (main) rest-villains 1.0 native (powered by Quarkus 3.17.2) started in 0.075s. Listening on: http://0.0.0.0:8084
21:43:13 INFO  traceId=, parentId=, spanId=, sampled= [io.quarkus] (main) Profile prod activated. 
21:43:13 INFO  traceId=, parentId=, spanId=, sampled= [io.quarkus] (main) Installed features: [agroal, cdi, hibernate-orm, hibernate-orm-panache, hibernate-validator, jdbc-postgresql, kubernetes, micrometer, narayana-jta, opentelemetry, qute, rest, rest-jackson, rest-qute, smallrye-context-propagation, smallrye-health, smallrye-openapi, swagger-ui, vertx]
2024-12-11 16:43:13.014296505 -0500
2024-12-11 16:43:13.105049998
First Response Time in ms: 91
Footprint in MB:        : 110
482e3a39d258905ace9898b12b7bcfb7d0a9090b559a04f7933b358ee5b2850f
482e3a39d258905ace9898b12b7bcfb7d0a9090b559a04f7933b358ee5b2850f


   ___                   _                ____                        _
  / _ \ _   _  __ _ _ __| | ___   _ ___  / ___| _   _ _ __   ___ _ __| |__   ___ _ __ ___   ___  ___
 | | | | | | |/ _` | '__| |/ / | | / __| \___ \| | | | '_ \ / _ \ '__| '_ \ / _ \ '__/ _ \ / _ \/ __|
 | |_| | |_| | (_| | |  |   <| |_| \__ \  ___) | |_| | |_) |  __/ |  | | | |  __/ | | (_) |  __/\__ \
  \__\_\\__,_|\__,_|_|  |_|\_\\__,_|___/ |____/ \__,_| .__/ \___|_|  |_| |_|\___|_|  \___/ \___||___/
 __     ___ _ _       _                              |_|
 \ \   / (_) | | __ _(_)_ __  ___
  \ \ / /| | | |/ _` | | '_ \/ __|
   \ V / | | | | (_| | | | | \__ \
    \_/  |_|_|_|\__,_|_|_| |_|___/


                                                                            Powered by Quarkus 3.17.2
21:43:25 WARN  traceId=, parentId=, spanId=, sampled= [io.qu.ru.co.ConfigRecorder] (main) Build time property cannot be changed at runtime:
 - %prod.quarkus.hibernate-orm.sql-load-script is set to 'no-file' but it is build time fixed to 'import.sql'. Did you change the property %prod.quarkus.hibernate-orm.sql-load-script after building the application?
21:43:26 INFO  traceId=, parentId=, spanId=, sampled= [io.qu.sa.su.vi.VillainApplicationLifeCycle] (main)  __     ___ _ _       _             _    ____ ___ 
21:43:26 INFO  traceId=, parentId=, spanId=, sampled= [io.qu.sa.su.vi.VillainApplicationLifeCycle] (main)  \ \   / (_) | | __ _(_)_ __       / \  |  _ \_ _|
21:43:26 INFO  traceId=, parentId=, spanId=, sampled= [io.qu.sa.su.vi.VillainApplicationLifeCycle] (main)   \ \ / /| | | |/ _` | | '_ \     / _ \ | |_) | | 
21:43:26 INFO  traceId=, parentId=, spanId=, sampled= [io.qu.sa.su.vi.VillainApplicationLifeCycle] (main)    \ V / | | | | (_| | | | | |   / ___ \|  __/| | 
21:43:26 INFO  traceId=, parentId=, spanId=, sampled= [io.qu.sa.su.vi.VillainApplicationLifeCycle] (main)     \_/  |_|_|_|\__,_|_|_| |_|  /_/   \_\_|  |___|
21:43:26 INFO  traceId=, parentId=, spanId=, sampled= [io.qu.sa.su.vi.VillainApplicationLifeCycle] (main) The application VILLAIN is starting with profile [prod]
21:43:26 INFO  traceId=, parentId=, spanId=, sampled= [io.quarkus] (main) rest-villains 1.0 native (powered by Quarkus 3.17.2) started in 0.076s. Listening on: http://0.0.0.0:8084
21:43:26 INFO  traceId=, parentId=, spanId=, sampled= [io.quarkus] (main) Profile prod activated. 
21:43:26 INFO  traceId=, parentId=, spanId=, sampled= [io.quarkus] (main) Installed features: [agroal, cdi, hibernate-orm, hibernate-orm-panache, hibernate-validator, jdbc-postgresql, kubernetes, micrometer, narayana-jta, opentelemetry, qute, rest, rest-jackson, rest-qute, smallrye-context-propagation, smallrye-health, smallrye-openapi, swagger-ui, vertx]
2024-12-11 16:43:25.943247702 -0500
2024-12-11 16:43:26.037260939
First Response Time in ms: 94
Footprint in MB:        : 112
cff2b3e565163860f27382542467a68866c57c16f3c8fc449173a56981209978
cff2b3e565163860f27382542467a68866c57c16f3c8fc449173a56981209978


   ___                   _                ____                        _
  / _ \ _   _  __ _ _ __| | ___   _ ___  / ___| _   _ _ __   ___ _ __| |__   ___ _ __ ___   ___  ___
 | | | | | | |/ _` | '__| |/ / | | / __| \___ \| | | | '_ \ / _ \ '__| '_ \ / _ \ '__/ _ \ / _ \/ __|
 | |_| | |_| | (_| | |  |   <| |_| \__ \  ___) | |_| | |_) |  __/ |  | | | |  __/ | | (_) |  __/\__ \
  \__\_\\__,_|\__,_|_|  |_|\_\\__,_|___/ |____/ \__,_| .__/ \___|_|  |_| |_|\___|_|  \___/ \___||___/
 __     ___ _ _       _                              |_|
 \ \   / (_) | | __ _(_)_ __  ___
  \ \ / /| | | |/ _` | | '_ \/ __|
   \ V / | | | | (_| | | | | \__ \
    \_/  |_|_|_|\__,_|_|_| |_|___/


                                                                            Powered by Quarkus 3.17.2
21:43:38 WARN  traceId=, parentId=, spanId=, sampled= [io.qu.ru.co.ConfigRecorder] (main) Build time property cannot be changed at runtime:
 - %prod.quarkus.hibernate-orm.sql-load-script is set to 'no-file' but it is build time fixed to 'import.sql'. Did you change the property %prod.quarkus.hibernate-orm.sql-load-script after building the application?
21:43:38 INFO  traceId=, parentId=, spanId=, sampled= [io.qu.sa.su.vi.VillainApplicationLifeCycle] (main)  __     ___ _ _       _             _    ____ ___ 
21:43:38 INFO  traceId=, parentId=, spanId=, sampled= [io.qu.sa.su.vi.VillainApplicationLifeCycle] (main)  \ \   / (_) | | __ _(_)_ __       / \  |  _ \_ _|
21:43:38 INFO  traceId=, parentId=, spanId=, sampled= [io.qu.sa.su.vi.VillainApplicationLifeCycle] (main)   \ \ / /| | | |/ _` | | '_ \     / _ \ | |_) | | 
21:43:38 INFO  traceId=, parentId=, spanId=, sampled= [io.qu.sa.su.vi.VillainApplicationLifeCycle] (main)    \ V / | | | | (_| | | | | |   / ___ \|  __/| | 
21:43:38 INFO  traceId=, parentId=, spanId=, sampled= [io.qu.sa.su.vi.VillainApplicationLifeCycle] (main)     \_/  |_|_|_|\__,_|_|_| |_|  /_/   \_\_|  |___|
21:43:38 INFO  traceId=, parentId=, spanId=, sampled= [io.qu.sa.su.vi.VillainApplicationLifeCycle] (main) The application VILLAIN is starting with profile [prod]
21:43:38 INFO  traceId=, parentId=, spanId=, sampled= [io.quarkus] (main) rest-villains 1.0 native (powered by Quarkus 3.17.2) started in 0.080s. Listening on: http://0.0.0.0:8084
21:43:38 INFO  traceId=, parentId=, spanId=, sampled= [io.quarkus] (main) Profile prod activated. 
21:43:38 INFO  traceId=, parentId=, spanId=, sampled= [io.quarkus] (main) Installed features: [agroal, cdi, hibernate-orm, hibernate-orm-panache, hibernate-validator, jdbc-postgresql, kubernetes, micrometer, narayana-jta, opentelemetry, qute, rest, rest-jackson, rest-qute, smallrye-context-propagation, smallrye-health, smallrye-openapi, swagger-ui, vertx]
2024-12-11 16:43:38.887509649 -0500
2024-12-11 16:43:38.980535696
First Response Time in ms: 93
Footprint in MB:        : 114
c278699486a5d5934416acde2b8e845a9cd839a18f4a81c0c904df35a820cfb5
c278699486a5d5934416acde2b8e845a9cd839a18f4a81c0c904df35a820cfb5


   ___                   _                ____                        _
  / _ \ _   _  __ _ _ __| | ___   _ ___  / ___| _   _ _ __   ___ _ __| |__   ___ _ __ ___   ___  ___
 | | | | | | |/ _` | '__| |/ / | | / __| \___ \| | | | '_ \ / _ \ '__| '_ \ / _ \ '__/ _ \ / _ \/ __|
 | |_| | |_| | (_| | |  |   <| |_| \__ \  ___) | |_| | |_) |  __/ |  | | | |  __/ | | (_) |  __/\__ \
  \__\_\\__,_|\__,_|_|  |_|\_\\__,_|___/ |____/ \__,_| .__/ \___|_|  |_| |_|\___|_|  \___/ \___||___/
 __     ___ _ _       _                              |_|
 \ \   / (_) | | __ _(_)_ __  ___
  \ \ / /| | | |/ _` | | '_ \/ __|
   \ V / | | | | (_| | | | | \__ \
    \_/  |_|_|_|\__,_|_|_| |_|___/


                                                                            Powered by Quarkus 3.17.2
21:43:51 WARN  traceId=, parentId=, spanId=, sampled= [io.qu.ru.co.ConfigRecorder] (main) Build time property cannot be changed at runtime:
 - %prod.quarkus.hibernate-orm.sql-load-script is set to 'no-file' but it is build time fixed to 'import.sql'. Did you change the property %prod.quarkus.hibernate-orm.sql-load-script after building the application?
21:43:51 INFO  traceId=, parentId=, spanId=, sampled= [io.qu.sa.su.vi.VillainApplicationLifeCycle] (main)  __     ___ _ _       _             _    ____ ___ 
21:43:51 INFO  traceId=, parentId=, spanId=, sampled= [io.qu.sa.su.vi.VillainApplicationLifeCycle] (main)  \ \   / (_) | | __ _(_)_ __       / \  |  _ \_ _|
21:43:51 INFO  traceId=, parentId=, spanId=, sampled= [io.qu.sa.su.vi.VillainApplicationLifeCycle] (main)   \ \ / /| | | |/ _` | | '_ \     / _ \ | |_) | | 
21:43:51 INFO  traceId=, parentId=, spanId=, sampled= [io.qu.sa.su.vi.VillainApplicationLifeCycle] (main)    \ V / | | | | (_| | | | | |   / ___ \|  __/| | 
21:43:51 INFO  traceId=, parentId=, spanId=, sampled= [io.qu.sa.su.vi.VillainApplicationLifeCycle] (main)     \_/  |_|_|_|\__,_|_|_| |_|  /_/   \_\_|  |___|
21:43:51 INFO  traceId=, parentId=, spanId=, sampled= [io.qu.sa.su.vi.VillainApplicationLifeCycle] (main) The application VILLAIN is starting with profile [prod]
21:43:51 INFO  traceId=, parentId=, spanId=, sampled= [io.quarkus] (main) rest-villains 1.0 native (powered by Quarkus 3.17.2) started in 0.075s. Listening on: http://0.0.0.0:8084
21:43:51 INFO  traceId=, parentId=, spanId=, sampled= [io.quarkus] (main) Profile prod activated. 
21:43:51 INFO  traceId=, parentId=, spanId=, sampled= [io.quarkus] (main) Installed features: [agroal, cdi, hibernate-orm, hibernate-orm-panache, hibernate-validator, jdbc-postgresql, kubernetes, micrometer, narayana-jta, opentelemetry, qute, rest, rest-jackson, rest-qute, smallrye-context-propagation, smallrye-health, smallrye-openapi, swagger-ui, vertx]
2024-12-11 16:43:51.765065783 -0500
2024-12-11 16:43:51.853028150
First Response Time in ms: 88
Footprint in MB:        : 104
c4f77f3d352f01ab13a5187d784559b437570fd26ab49143a6da83a4696cc15a
c4f77f3d352f01ab13a5187d784559b437570fd26ab49143a6da83a4696cc15a


   ___                   _                ____                        _
  / _ \ _   _  __ _ _ __| | ___   _ ___  / ___| _   _ _ __   ___ _ __| |__   ___ _ __ ___   ___  ___
 | | | | | | |/ _` | '__| |/ / | | / __| \___ \| | | | '_ \ / _ \ '__| '_ \ / _ \ '__/ _ \ / _ \/ __|
 | |_| | |_| | (_| | |  |   <| |_| \__ \  ___) | |_| | |_) |  __/ |  | | | |  __/ | | (_) |  __/\__ \
  \__\_\\__,_|\__,_|_|  |_|\_\\__,_|___/ |____/ \__,_| .__/ \___|_|  |_| |_|\___|_|  \___/ \___||___/
 __     ___ _ _       _                              |_|
 \ \   / (_) | | __ _(_)_ __  ___
  \ \ / /| | | |/ _` | | '_ \/ __|
   \ V / | | | | (_| | | | | \__ \
    \_/  |_|_|_|\__,_|_|_| |_|___/


                                                                            Powered by Quarkus 3.17.2
21:44:04 WARN  traceId=, parentId=, spanId=, sampled= [io.qu.ru.co.ConfigRecorder] (main) Build time property cannot be changed at runtime:
 - %prod.quarkus.hibernate-orm.sql-load-script is set to 'no-file' but it is build time fixed to 'import.sql'. Did you change the property %prod.quarkus.hibernate-orm.sql-load-script after building the application?
21:44:04 INFO  traceId=, parentId=, spanId=, sampled= [io.qu.sa.su.vi.VillainApplicationLifeCycle] (main)  __     ___ _ _       _             _    ____ ___ 
21:44:04 INFO  traceId=, parentId=, spanId=, sampled= [io.qu.sa.su.vi.VillainApplicationLifeCycle] (main)  \ \   / (_) | | __ _(_)_ __       / \  |  _ \_ _|
21:44:04 INFO  traceId=, parentId=, spanId=, sampled= [io.qu.sa.su.vi.VillainApplicationLifeCycle] (main)   \ \ / /| | | |/ _` | | '_ \     / _ \ | |_) | | 
21:44:04 INFO  traceId=, parentId=, spanId=, sampled= [io.qu.sa.su.vi.VillainApplicationLifeCycle] (main)    \ V / | | | | (_| | | | | |   / ___ \|  __/| | 
21:44:04 INFO  traceId=, parentId=, spanId=, sampled= [io.qu.sa.su.vi.VillainApplicationLifeCycle] (main)     \_/  |_|_|_|\__,_|_|_| |_|  /_/   \_\_|  |___|
21:44:04 INFO  traceId=, parentId=, spanId=, sampled= [io.qu.sa.su.vi.VillainApplicationLifeCycle] (main) The application VILLAIN is starting with profile [prod]
21:44:04 INFO  traceId=, parentId=, spanId=, sampled= [io.quarkus] (main) rest-villains 1.0 native (powered by Quarkus 3.17.2) started in 0.075s. Listening on: http://0.0.0.0:8084
21:44:04 INFO  traceId=, parentId=, spanId=, sampled= [io.quarkus] (main) Profile prod activated. 
21:44:04 INFO  traceId=, parentId=, spanId=, sampled= [io.quarkus] (main) Installed features: [agroal, cdi, hibernate-orm, hibernate-orm-panache, hibernate-validator, jdbc-postgresql, kubernetes, micrometer, narayana-jta, opentelemetry, qute, rest, rest-jackson, rest-qute, smallrye-context-propagation, smallrye-health, smallrye-openapi, swagger-ui, vertx]
2024-12-11 16:44:04.695987769 -0500
2024-12-11 16:44:04.786612122
First Response Time in ms: 91
Footprint in MB:        : 108
41dc11e90cbb62826cfc045831471b1fb66db38fa9ffed09848d17809ed7b652
41dc11e90cbb62826cfc045831471b1fb66db38fa9ffed09848d17809ed7b652


   ___                   _                ____                        _
  / _ \ _   _  __ _ _ __| | ___   _ ___  / ___| _   _ _ __   ___ _ __| |__   ___ _ __ ___   ___  ___
 | | | | | | |/ _` | '__| |/ / | | / __| \___ \| | | | '_ \ / _ \ '__| '_ \ / _ \ '__/ _ \ / _ \/ __|
 | |_| | |_| | (_| | |  |   <| |_| \__ \  ___) | |_| | |_) |  __/ |  | | | |  __/ | | (_) |  __/\__ \
  \__\_\\__,_|\__,_|_|  |_|\_\\__,_|___/ |____/ \__,_| .__/ \___|_|  |_| |_|\___|_|  \___/ \___||___/
 __     ___ _ _       _                              |_|
 \ \   / (_) | | __ _(_)_ __  ___
  \ \ / /| | | |/ _` | | '_ \/ __|
   \ V / | | | | (_| | | | | \__ \
    \_/  |_|_|_|\__,_|_|_| |_|___/


                                                                            Powered by Quarkus 3.17.2
21:44:17 WARN  traceId=, parentId=, spanId=, sampled= [io.qu.ru.co.ConfigRecorder] (main) Build time property cannot be changed at runtime:
 - %prod.quarkus.hibernate-orm.sql-load-script is set to 'no-file' but it is build time fixed to 'import.sql'. Did you change the property %prod.quarkus.hibernate-orm.sql-load-script after building the application?
21:44:17 INFO  traceId=, parentId=, spanId=, sampled= [io.qu.sa.su.vi.VillainApplicationLifeCycle] (main)  __     ___ _ _       _             _    ____ ___ 
21:44:17 INFO  traceId=, parentId=, spanId=, sampled= [io.qu.sa.su.vi.VillainApplicationLifeCycle] (main)  \ \   / (_) | | __ _(_)_ __       / \  |  _ \_ _|
21:44:17 INFO  traceId=, parentId=, spanId=, sampled= [io.qu.sa.su.vi.VillainApplicationLifeCycle] (main)   \ \ / /| | | |/ _` | | '_ \     / _ \ | |_) | | 
21:44:17 INFO  traceId=, parentId=, spanId=, sampled= [io.qu.sa.su.vi.VillainApplicationLifeCycle] (main)    \ V / | | | | (_| | | | | |   / ___ \|  __/| | 
21:44:17 INFO  traceId=, parentId=, spanId=, sampled= [io.qu.sa.su.vi.VillainApplicationLifeCycle] (main)     \_/  |_|_|_|\__,_|_|_| |_|  /_/   \_\_|  |___|
21:44:17 INFO  traceId=, parentId=, spanId=, sampled= [io.qu.sa.su.vi.VillainApplicationLifeCycle] (main) The application VILLAIN is starting with profile [prod]
21:44:17 INFO  traceId=, parentId=, spanId=, sampled= [io.quarkus] (main) rest-villains 1.0 native (powered by Quarkus 3.17.2) started in 0.076s. Listening on: http://0.0.0.0:8084
21:44:17 INFO  traceId=, parentId=, spanId=, sampled= [io.quarkus] (main) Profile prod activated. 
21:44:17 INFO  traceId=, parentId=, spanId=, sampled= [io.quarkus] (main) Installed features: [agroal, cdi, hibernate-orm, hibernate-orm-panache, hibernate-validator, jdbc-postgresql, kubernetes, micrometer, narayana-jta, opentelemetry, qute, rest, rest-jackson, rest-qute, smallrye-context-propagation, smallrye-health, smallrye-openapi, swagger-ui, vertx]
2024-12-11 16:44:17.626712366 -0500
2024-12-11 16:44:17.723539988
First Response Time in ms: 97
Footprint in MB:        : 108
bd6e850e24792d415a18a159d4e0e91293cccd39dc2b07354082919530a4d551
bd6e850e24792d415a18a159d4e0e91293cccd39dc2b07354082919530a4d551


   ___                   _                ____                        _
  / _ \ _   _  __ _ _ __| | ___   _ ___  / ___| _   _ _ __   ___ _ __| |__   ___ _ __ ___   ___  ___
 | | | | | | |/ _` | '__| |/ / | | / __| \___ \| | | | '_ \ / _ \ '__| '_ \ / _ \ '__/ _ \ / _ \/ __|
 | |_| | |_| | (_| | |  |   <| |_| \__ \  ___) | |_| | |_) |  __/ |  | | | |  __/ | | (_) |  __/\__ \
  \__\_\\__,_|\__,_|_|  |_|\_\\__,_|___/ |____/ \__,_| .__/ \___|_|  |_| |_|\___|_|  \___/ \___||___/
 __     ___ _ _       _                              |_|
 \ \   / (_) | | __ _(_)_ __  ___
  \ \ / /| | | |/ _` | | '_ \/ __|
   \ V / | | | | (_| | | | | \__ \
    \_/  |_|_|_|\__,_|_|_| |_|___/


                                                                            Powered by Quarkus 3.17.2
21:44:30 WARN  traceId=, parentId=, spanId=, sampled= [io.qu.ru.co.ConfigRecorder] (main) Build time property cannot be changed at runtime:
 - %prod.quarkus.hibernate-orm.sql-load-script is set to 'no-file' but it is build time fixed to 'import.sql'. Did you change the property %prod.quarkus.hibernate-orm.sql-load-script after building the application?
21:44:30 INFO  traceId=, parentId=, spanId=, sampled= [io.qu.sa.su.vi.VillainApplicationLifeCycle] (main)  __     ___ _ _       _             _    ____ ___ 
21:44:30 INFO  traceId=, parentId=, spanId=, sampled= [io.qu.sa.su.vi.VillainApplicationLifeCycle] (main)  \ \   / (_) | | __ _(_)_ __       / \  |  _ \_ _|
21:44:30 INFO  traceId=, parentId=, spanId=, sampled= [io.qu.sa.su.vi.VillainApplicationLifeCycle] (main)   \ \ / /| | | |/ _` | | '_ \     / _ \ | |_) | | 
21:44:30 INFO  traceId=, parentId=, spanId=, sampled= [io.qu.sa.su.vi.VillainApplicationLifeCycle] (main)    \ V / | | | | (_| | | | | |   / ___ \|  __/| | 
21:44:30 INFO  traceId=, parentId=, spanId=, sampled= [io.qu.sa.su.vi.VillainApplicationLifeCycle] (main)     \_/  |_|_|_|\__,_|_|_| |_|  /_/   \_\_|  |___|
21:44:30 INFO  traceId=, parentId=, spanId=, sampled= [io.qu.sa.su.vi.VillainApplicationLifeCycle] (main) The application VILLAIN is starting with profile [prod]
21:44:30 INFO  traceId=, parentId=, spanId=, sampled= [io.quarkus] (main) rest-villains 1.0 native (powered by Quarkus 3.17.2) started in 0.076s. Listening on: http://0.0.0.0:8084
21:44:30 INFO  traceId=, parentId=, spanId=, sampled= [io.quarkus] (main) Profile prod activated. 
21:44:30 INFO  traceId=, parentId=, spanId=, sampled= [io.quarkus] (main) Installed features: [agroal, cdi, hibernate-orm, hibernate-orm-panache, hibernate-validator, jdbc-postgresql, kubernetes, micrometer, narayana-jta, opentelemetry, qute, rest, rest-jackson, rest-qute, smallrye-context-propagation, smallrye-health, smallrye-openapi, swagger-ui, vertx]
2024-12-11 16:44:30.57319271 -0500
2024-12-11 16:44:30.665926305
First Response Time in ms: 92
Footprint in MB:        : 108
5eebc201ee1c9e261b9559578d08d241e717d0e95643004c20f40ede6104758c
5eebc201ee1c9e261b9559578d08d241e717d0e95643004c20f40ede6104758c


   ___                   _                ____                        _
  / _ \ _   _  __ _ _ __| | ___   _ ___  / ___| _   _ _ __   ___ _ __| |__   ___ _ __ ___   ___  ___
 | | | | | | |/ _` | '__| |/ / | | / __| \___ \| | | | '_ \ / _ \ '__| '_ \ / _ \ '__/ _ \ / _ \/ __|
 | |_| | |_| | (_| | |  |   <| |_| \__ \  ___) | |_| | |_) |  __/ |  | | | |  __/ | | (_) |  __/\__ \
  \__\_\\__,_|\__,_|_|  |_|\_\\__,_|___/ |____/ \__,_| .__/ \___|_|  |_| |_|\___|_|  \___/ \___||___/
 __     ___ _ _       _                              |_|
 \ \   / (_) | | __ _(_)_ __  ___
  \ \ / /| | | |/ _` | | '_ \/ __|
   \ V / | | | | (_| | | | | \__ \
    \_/  |_|_|_|\__,_|_|_| |_|___/


                                                                            Powered by Quarkus 3.17.2
21:44:43 WARN  traceId=, parentId=, spanId=, sampled= [io.qu.ru.co.ConfigRecorder] (main) Build time property cannot be changed at runtime:
 - %prod.quarkus.hibernate-orm.sql-load-script is set to 'no-file' but it is build time fixed to 'import.sql'. Did you change the property %prod.quarkus.hibernate-orm.sql-load-script after building the application?
21:44:43 INFO  traceId=, parentId=, spanId=, sampled= [io.qu.sa.su.vi.VillainApplicationLifeCycle] (main)  __     ___ _ _       _             _    ____ ___ 
21:44:43 INFO  traceId=, parentId=, spanId=, sampled= [io.qu.sa.su.vi.VillainApplicationLifeCycle] (main)  \ \   / (_) | | __ _(_)_ __       / \  |  _ \_ _|
21:44:43 INFO  traceId=, parentId=, spanId=, sampled= [io.qu.sa.su.vi.VillainApplicationLifeCycle] (main)   \ \ / /| | | |/ _` | | '_ \     / _ \ | |_) | | 
21:44:43 INFO  traceId=, parentId=, spanId=, sampled= [io.qu.sa.su.vi.VillainApplicationLifeCycle] (main)    \ V / | | | | (_| | | | | |   / ___ \|  __/| | 
21:44:43 INFO  traceId=, parentId=, spanId=, sampled= [io.qu.sa.su.vi.VillainApplicationLifeCycle] (main)     \_/  |_|_|_|\__,_|_|_| |_|  /_/   \_\_|  |___|
21:44:43 INFO  traceId=, parentId=, spanId=, sampled= [io.qu.sa.su.vi.VillainApplicationLifeCycle] (main) The application VILLAIN is starting with profile [prod]
21:44:43 INFO  traceId=, parentId=, spanId=, sampled= [io.quarkus] (main) rest-villains 1.0 native (powered by Quarkus 3.17.2) started in 0.077s. Listening on: http://0.0.0.0:8084
21:44:43 INFO  traceId=, parentId=, spanId=, sampled= [io.quarkus] (main) Profile prod activated. 
21:44:43 INFO  traceId=, parentId=, spanId=, sampled= [io.quarkus] (main) Installed features: [agroal, cdi, hibernate-orm, hibernate-orm-panache, hibernate-validator, jdbc-postgresql, kubernetes, micrometer, narayana-jta, opentelemetry, qute, rest, rest-jackson, rest-qute, smallrye-context-propagation, smallrye-health, smallrye-openapi, swagger-ui, vertx]
2024-12-11 16:44:43.506141134 -0500
2024-12-11 16:44:43.595734981
First Response Time in ms: 89
Footprint in MB:        : 108
5b8218cc2dc3ce8fde7454f9d771a0237fd547ae03365979a370362cfd67cc6d
5b8218cc2dc3ce8fde7454f9d771a0237fd547ae03365979a370362cfd67cc6d


   ___                   _                ____                        _
  / _ \ _   _  __ _ _ __| | ___   _ ___  / ___| _   _ _ __   ___ _ __| |__   ___ _ __ ___   ___  ___
 | | | | | | |/ _` | '__| |/ / | | / __| \___ \| | | | '_ \ / _ \ '__| '_ \ / _ \ '__/ _ \ / _ \/ __|
 | |_| | |_| | (_| | |  |   <| |_| \__ \  ___) | |_| | |_) |  __/ |  | | | |  __/ | | (_) |  __/\__ \
  \__\_\\__,_|\__,_|_|  |_|\_\\__,_|___/ |____/ \__,_| .__/ \___|_|  |_| |_|\___|_|  \___/ \___||___/
 __     ___ _ _       _                              |_|
 \ \   / (_) | | __ _(_)_ __  ___
  \ \ / /| | | |/ _` | | '_ \/ __|
   \ V / | | | | (_| | | | | \__ \
    \_/  |_|_|_|\__,_|_|_| |_|___/


                                                                            Powered by Quarkus 3.17.2
21:44:56 WARN  traceId=, parentId=, spanId=, sampled= [io.qu.ru.co.ConfigRecorder] (main) Build time property cannot be changed at runtime:
 - %prod.quarkus.hibernate-orm.sql-load-script is set to 'no-file' but it is build time fixed to 'import.sql'. Did you change the property %prod.quarkus.hibernate-orm.sql-load-script after building the application?
21:44:56 INFO  traceId=, parentId=, spanId=, sampled= [io.qu.sa.su.vi.VillainApplicationLifeCycle] (main)  __     ___ _ _       _             _    ____ ___ 
21:44:56 INFO  traceId=, parentId=, spanId=, sampled= [io.qu.sa.su.vi.VillainApplicationLifeCycle] (main)  \ \   / (_) | | __ _(_)_ __       / \  |  _ \_ _|
21:44:56 INFO  traceId=, parentId=, spanId=, sampled= [io.qu.sa.su.vi.VillainApplicationLifeCycle] (main)   \ \ / /| | | |/ _` | | '_ \     / _ \ | |_) | | 
21:44:56 INFO  traceId=, parentId=, spanId=, sampled= [io.qu.sa.su.vi.VillainApplicationLifeCycle] (main)    \ V / | | | | (_| | | | | |   / ___ \|  __/| | 
21:44:56 INFO  traceId=, parentId=, spanId=, sampled= [io.qu.sa.su.vi.VillainApplicationLifeCycle] (main)     \_/  |_|_|_|\__,_|_|_| |_|  /_/   \_\_|  |___|
21:44:56 INFO  traceId=, parentId=, spanId=, sampled= [io.qu.sa.su.vi.VillainApplicationLifeCycle] (main) The application VILLAIN is starting with profile [prod]
21:44:56 INFO  traceId=, parentId=, spanId=, sampled= [io.quarkus] (main) rest-villains 1.0 native (powered by Quarkus 3.17.2) started in 0.077s. Listening on: http://0.0.0.0:8084
21:44:56 INFO  traceId=, parentId=, spanId=, sampled= [io.quarkus] (main) Profile prod activated. 
21:44:56 INFO  traceId=, parentId=, spanId=, sampled= [io.quarkus] (main) Installed features: [agroal, cdi, hibernate-orm, hibernate-orm-panache, hibernate-validator, jdbc-postgresql, kubernetes, micrometer, narayana-jta, opentelemetry, qute, rest, rest-jackson, rest-qute, smallrye-context-propagation, smallrye-health, smallrye-openapi, swagger-ui, vertx]
2024-12-11 16:44:56.410002089 -0500
2024-12-11 16:44:56.502310118
First Response Time in ms: 92
Footprint in MB:        : 106
582df6ca5bd57ec37a761ca5ace587b0336aacbe0ac81f8da6a9055592d457ed
582df6ca5bd57ec37a761ca5ace587b0336aacbe0ac81f8da6a9055592d457ed


   ___                   _                ____                        _
  / _ \ _   _  __ _ _ __| | ___   _ ___  / ___| _   _ _ __   ___ _ __| |__   ___ _ __ ___   ___  ___
 | | | | | | |/ _` | '__| |/ / | | / __| \___ \| | | | '_ \ / _ \ '__| '_ \ / _ \ '__/ _ \ / _ \/ __|
 | |_| | |_| | (_| | |  |   <| |_| \__ \  ___) | |_| | |_) |  __/ |  | | | |  __/ | | (_) |  __/\__ \
  \__\_\\__,_|\__,_|_|  |_|\_\\__,_|___/ |____/ \__,_| .__/ \___|_|  |_| |_|\___|_|  \___/ \___||___/
 __     ___ _ _       _                              |_|
 \ \   / (_) | | __ _(_)_ __  ___
  \ \ / /| | | |/ _` | | '_ \/ __|
   \ V / | | | | (_| | | | | \__ \
    \_/  |_|_|_|\__,_|_|_| |_|___/


                                                                            Powered by Quarkus 3.17.2
21:45:09 WARN  traceId=, parentId=, spanId=, sampled= [io.qu.ru.co.ConfigRecorder] (main) Build time property cannot be changed at runtime:
 - %prod.quarkus.hibernate-orm.sql-load-script is set to 'no-file' but it is build time fixed to 'import.sql'. Did you change the property %prod.quarkus.hibernate-orm.sql-load-script after building the application?
21:45:09 INFO  traceId=, parentId=, spanId=, sampled= [io.qu.sa.su.vi.VillainApplicationLifeCycle] (main)  __     ___ _ _       _             _    ____ ___ 
21:45:09 INFO  traceId=, parentId=, spanId=, sampled= [io.qu.sa.su.vi.VillainApplicationLifeCycle] (main)  \ \   / (_) | | __ _(_)_ __       / \  |  _ \_ _|
21:45:09 INFO  traceId=, parentId=, spanId=, sampled= [io.qu.sa.su.vi.VillainApplicationLifeCycle] (main)   \ \ / /| | | |/ _` | | '_ \     / _ \ | |_) | | 
21:45:09 INFO  traceId=, parentId=, spanId=, sampled= [io.qu.sa.su.vi.VillainApplicationLifeCycle] (main)    \ V / | | | | (_| | | | | |   / ___ \|  __/| | 
21:45:09 INFO  traceId=, parentId=, spanId=, sampled= [io.qu.sa.su.vi.VillainApplicationLifeCycle] (main)     \_/  |_|_|_|\__,_|_|_| |_|  /_/   \_\_|  |___|
21:45:09 INFO  traceId=, parentId=, spanId=, sampled= [io.qu.sa.su.vi.VillainApplicationLifeCycle] (main) The application VILLAIN is starting with profile [prod]
21:45:09 INFO  traceId=, parentId=, spanId=, sampled= [io.quarkus] (main) rest-villains 1.0 native (powered by Quarkus 3.17.2) started in 0.077s. Listening on: http://0.0.0.0:8084
21:45:09 INFO  traceId=, parentId=, spanId=, sampled= [io.quarkus] (main) Profile prod activated. 
21:45:09 INFO  traceId=, parentId=, spanId=, sampled= [io.quarkus] (main) Installed features: [agroal, cdi, hibernate-orm, hibernate-orm-panache, hibernate-validator, jdbc-postgresql, kubernetes, micrometer, narayana-jta, opentelemetry, qute, rest, rest-jackson, rest-qute, smallrye-context-propagation, smallrye-health, smallrye-openapi, swagger-ui, vertx]
2024-12-11 16:45:09.288611845 -0500
2024-12-11 16:45:09.383784323
First Response Time in ms: 95
Footprint in MB:        : 106
957bb0ce9bb94abc6c0ad490e2d34b4c5a680972b8f5317b4ff285688386bb8b
957bb0ce9bb94abc6c0ad490e2d34b4c5a680972b8f5317b4ff285688386bb8b
