Testing quay.io/quarkus-super-heroes/rest-heroes:native-latest


   ___                   _                ____                        _
  / _ \ _   _  __ _ _ __| | ___   _ ___  / ___| _   _ _ __   ___ _ __| |__   ___ _ __ ___   ___  ___
 | | | | | | |/ _` | '__| |/ / | | / __| \___ \| | | | '_ \ / _ \ '__| '_ \ / _ \ '__/ _ \ / _ \/ __|
 | |_| | |_| | (_| | |  |   <| |_| \__ \  ___) | |_| | |_) |  __/ |  | | | |  __/ | | (_) |  __/\__ \
  \__\_\\__,_|\__,_|_|  |_|\_\\__,_|___/ |____/ \__,_| .__/ \___|_|  |_| |_|\___|_|  \___/ \___||___/
  _   _                                              |_|
 | | | | ___ _ __ ___   ___  ___
 | |_| |/ _ \ '__/ _ \ / _ \/ __|
 |  _  |  __/ | | (_) |  __/\__ \
 |_| |_|\___|_|  \___/ \___||___/


                                                                            Powered by Quarkus 3.17.2
17:17:46 WARN  traceId=, parentId=, spanId=, sampled= [io.qu.ru.co.ConfigRecorder] (main) Build time property cannot be changed at runtime:
 - %prod.quarkus.hibernate-orm.sql-load-script is set to 'no-file' but it is build time fixed to 'import.sql'. Did you change the property %prod.quarkus.hibernate-orm.sql-load-script after building the application?
17:17:46 INFO  traceId=, parentId=, spanId=, sampled= [or.hi.re.pr.im.ReactiveIntegrator] (JPA Startup Thread) HR000001: Hibernate Reactive
17:17:46 WARN  traceId=, parentId=, spanId=, sampled= [io.qu.op.ru.tr.in.ve.OpenTelemetryVertxTracingFactory$VertxDelegator] (vert.x-eventloop-thread-0) VertxTracer delegate not set. Will not submit this trace. SpanKind: RPC; Request: io.vertx.sqlclient.impl.tracing.QueryRequest@4809719b; Operation:Query.
17:17:46 WARN  traceId=, parentId=, spanId=, sampled= [io.qu.op.ru.tr.in.ve.OpenTelemetryVertxTracingFactory$VertxDelegator] (vert.x-eventloop-thread-0) VertxTracer delegate not set. Will not submit this trace. Response: io.vertx.sqlclient.impl.RowSetImpl@2495093b; Failure: null.
17:17:46 WARN  traceId=, parentId=, spanId=, sampled= [io.qu.op.ru.tr.in.ve.OpenTelemetryVertxTracingFactory$VertxDelegator] (vert.x-eventloop-thread-0) VertxTracer delegate not set. Will not submit this trace. SpanKind: RPC; Request: io.vertx.sqlclient.impl.tracing.QueryRequest@6a961b6d; Operation:Query.
17:17:46 WARN  traceId=, parentId=, spanId=, sampled= [io.qu.op.ru.tr.in.ve.OpenTelemetryVertxTracingFactory$VertxDelegator] (vert.x-eventloop-thread-0) VertxTracer delegate not set. Will not submit this trace. Response: io.vertx.sqlclient.impl.RowSetImpl@1e205406; Failure: null.
17:17:46 WARN  traceId=, parentId=, spanId=, sampled= [io.qu.op.ru.tr.in.ve.OpenTelemetryVertxTracingFactory$VertxDelegator] (vert.x-eventloop-thread-0) VertxTracer delegate not set. Will not submit this trace. SpanKind: RPC; Request: io.vertx.sqlclient.impl.tracing.QueryRequest@2efcd859; Operation:Query.
17:17:46 WARN  traceId=, parentId=, spanId=, sampled= [io.qu.op.ru.tr.in.ve.OpenTelemetryVertxTracingFactory$VertxDelegator] (vert.x-eventloop-thread-0) VertxTracer delegate not set. Will not submit this trace. Response: io.vertx.sqlclient.impl.RowSetImpl@554abf15; Failure: null.
17:17:46 WARN  traceId=, parentId=, spanId=, sampled= [io.qu.hi.or.ru.se.QuarkusRuntimeInitDialectFactory] (JPA Startup Thread) Persistence unit default-reactive: Could not retrieve the database version to check it is at least 12.0.0
17:17:46 INFO  traceId=, parentId=, spanId=, sampled= [io.quarkus] (main) rest-heroes 1.0 native (powered by Quarkus 3.17.2) started in 0.090s. Listening on: http://0.0.0.0:8083
17:17:46 INFO  traceId=, parentId=, spanId=, sampled= [io.quarkus] (main) Profile prod activated. 
17:17:46 INFO  traceId=, parentId=, spanId=, sampled= [io.quarkus] (main) Installed features: [cdi, config-yaml, hibernate-orm, hibernate-reactive, hibernate-reactive-panache, hibernate-validator, kubernetes, micrometer, opentelemetry, qute, reactive-pg-client, rest, rest-jackson, rest-qute, smallrye-context-propagation, smallrye-health, smallrye-openapi, swagger-ui, vertx]
2024-12-11 12:17:46.675921007 -0500
2024-12-11 12:17:46.789899494
First Response Time in ms: 114
Footprint in MB:        : 102
ae4f069e3bc9fd49baa52735f5b3efc594fada649b4fd27abe93d7e38b02740f
ae4f069e3bc9fd49baa52735f5b3efc594fada649b4fd27abe93d7e38b02740f


   ___                   _                ____                        _
  / _ \ _   _  __ _ _ __| | ___   _ ___  / ___| _   _ _ __   ___ _ __| |__   ___ _ __ ___   ___  ___
 | | | | | | |/ _` | '__| |/ / | | / __| \___ \| | | | '_ \ / _ \ '__| '_ \ / _ \ '__/ _ \ / _ \/ __|
 | |_| | |_| | (_| | |  |   <| |_| \__ \  ___) | |_| | |_) |  __/ |  | | | |  __/ | | (_) |  __/\__ \
  \__\_\\__,_|\__,_|_|  |_|\_\\__,_|___/ |____/ \__,_| .__/ \___|_|  |_| |_|\___|_|  \___/ \___||___/
  _   _                                              |_|
 | | | | ___ _ __ ___   ___  ___
 | |_| |/ _ \ '__/ _ \ / _ \/ __|
 |  _  |  __/ | | (_) |  __/\__ \
 |_| |_|\___|_|  \___/ \___||___/


                                                                            Powered by Quarkus 3.17.2
17:17:59 WARN  traceId=, parentId=, spanId=, sampled= [io.qu.ru.co.ConfigRecorder] (main) Build time property cannot be changed at runtime:
 - %prod.quarkus.hibernate-orm.sql-load-script is set to 'no-file' but it is build time fixed to 'import.sql'. Did you change the property %prod.quarkus.hibernate-orm.sql-load-script after building the application?
17:17:59 INFO  traceId=, parentId=, spanId=, sampled= [or.hi.re.pr.im.ReactiveIntegrator] (JPA Startup Thread) HR000001: Hibernate Reactive
17:17:59 WARN  traceId=, parentId=, spanId=, sampled= [io.qu.op.ru.tr.in.ve.OpenTelemetryVertxTracingFactory$VertxDelegator] (vert.x-eventloop-thread-0) VertxTracer delegate not set. Will not submit this trace. SpanKind: RPC; Request: io.vertx.sqlclient.impl.tracing.QueryRequest@3ca5de03; Operation:Query.
17:17:59 WARN  traceId=, parentId=, spanId=, sampled= [io.qu.op.ru.tr.in.ve.OpenTelemetryVertxTracingFactory$VertxDelegator] (vert.x-eventloop-thread-0) VertxTracer delegate not set. Will not submit this trace. Response: io.vertx.sqlclient.impl.RowSetImpl@5330044f; Failure: null.
17:17:59 WARN  traceId=, parentId=, spanId=, sampled= [io.qu.op.ru.tr.in.ve.OpenTelemetryVertxTracingFactory$VertxDelegator] (vert.x-eventloop-thread-0) VertxTracer delegate not set. Will not submit this trace. SpanKind: RPC; Request: io.vertx.sqlclient.impl.tracing.QueryRequest@7e5d8d12; Operation:Query.
17:17:59 WARN  traceId=, parentId=, spanId=, sampled= [io.qu.op.ru.tr.in.ve.OpenTelemetryVertxTracingFactory$VertxDelegator] (vert.x-eventloop-thread-0) VertxTracer delegate not set. Will not submit this trace. Response: io.vertx.sqlclient.impl.RowSetImpl@509763c1; Failure: null.
17:17:59 WARN  traceId=, parentId=, spanId=, sampled= [io.qu.op.ru.tr.in.ve.OpenTelemetryVertxTracingFactory$VertxDelegator] (vert.x-eventloop-thread-0) VertxTracer delegate not set. Will not submit this trace. SpanKind: RPC; Request: io.vertx.sqlclient.impl.tracing.QueryRequest@43d921b5; Operation:Query.
17:17:59 WARN  traceId=, parentId=, spanId=, sampled= [io.qu.op.ru.tr.in.ve.OpenTelemetryVertxTracingFactory$VertxDelegator] (vert.x-eventloop-thread-0) VertxTracer delegate not set. Will not submit this trace. Response: io.vertx.sqlclient.impl.RowSetImpl@14d5d4f2; Failure: null.
17:17:59 WARN  traceId=, parentId=, spanId=, sampled= [io.qu.hi.or.ru.se.QuarkusRuntimeInitDialectFactory] (JPA Startup Thread) Persistence unit default-reactive: Could not retrieve the database version to check it is at least 12.0.0
17:17:59 INFO  traceId=, parentId=, spanId=, sampled= [io.quarkus] (main) rest-heroes 1.0 native (powered by Quarkus 3.17.2) started in 0.091s. Listening on: http://0.0.0.0:8083
17:17:59 INFO  traceId=, parentId=, spanId=, sampled= [io.quarkus] (main) Profile prod activated. 
17:17:59 INFO  traceId=, parentId=, spanId=, sampled= [io.quarkus] (main) Installed features: [cdi, config-yaml, hibernate-orm, hibernate-reactive, hibernate-reactive-panache, hibernate-validator, kubernetes, micrometer, opentelemetry, qute, reactive-pg-client, rest, rest-jackson, rest-qute, smallrye-context-propagation, smallrye-health, smallrye-openapi, swagger-ui, vertx]
2024-12-11 12:17:59.570701717 -0500
2024-12-11 12:17:59.686366535
First Response Time in ms: 116
Footprint in MB:        : 104
528821def2656e8d90caf9cc706c439c8cfc1823fc60257cb72a637684c644b3
528821def2656e8d90caf9cc706c439c8cfc1823fc60257cb72a637684c644b3


   ___                   _                ____                        _
  / _ \ _   _  __ _ _ __| | ___   _ ___  / ___| _   _ _ __   ___ _ __| |__   ___ _ __ ___   ___  ___
 | | | | | | |/ _` | '__| |/ / | | / __| \___ \| | | | '_ \ / _ \ '__| '_ \ / _ \ '__/ _ \ / _ \/ __|
 | |_| | |_| | (_| | |  |   <| |_| \__ \  ___) | |_| | |_) |  __/ |  | | | |  __/ | | (_) |  __/\__ \
  \__\_\\__,_|\__,_|_|  |_|\_\\__,_|___/ |____/ \__,_| .__/ \___|_|  |_| |_|\___|_|  \___/ \___||___/
  _   _                                              |_|
 | | | | ___ _ __ ___   ___  ___
 | |_| |/ _ \ '__/ _ \ / _ \/ __|
 |  _  |  __/ | | (_) |  __/\__ \
 |_| |_|\___|_|  \___/ \___||___/


                                                                            Powered by Quarkus 3.17.2
17:18:12 WARN  traceId=, parentId=, spanId=, sampled= [io.qu.ru.co.ConfigRecorder] (main) Build time property cannot be changed at runtime:
 - %prod.quarkus.hibernate-orm.sql-load-script is set to 'no-file' but it is build time fixed to 'import.sql'. Did you change the property %prod.quarkus.hibernate-orm.sql-load-script after building the application?
17:18:12 INFO  traceId=, parentId=, spanId=, sampled= [or.hi.re.pr.im.ReactiveIntegrator] (JPA Startup Thread) HR000001: Hibernate Reactive
17:18:12 WARN  traceId=, parentId=, spanId=, sampled= [io.qu.op.ru.tr.in.ve.OpenTelemetryVertxTracingFactory$VertxDelegator] (vert.x-eventloop-thread-0) VertxTracer delegate not set. Will not submit this trace. SpanKind: RPC; Request: io.vertx.sqlclient.impl.tracing.QueryRequest@3a089c97; Operation:Query.
17:18:12 WARN  traceId=, parentId=, spanId=, sampled= [io.qu.op.ru.tr.in.ve.OpenTelemetryVertxTracingFactory$VertxDelegator] (vert.x-eventloop-thread-0) VertxTracer delegate not set. Will not submit this trace. Response: io.vertx.sqlclient.impl.RowSetImpl@2063496a; Failure: null.
17:18:12 WARN  traceId=, parentId=, spanId=, sampled= [io.qu.op.ru.tr.in.ve.OpenTelemetryVertxTracingFactory$VertxDelegator] (vert.x-eventloop-thread-0) VertxTracer delegate not set. Will not submit this trace. SpanKind: RPC; Request: io.vertx.sqlclient.impl.tracing.QueryRequest@2cd7aa89; Operation:Query.
17:18:12 WARN  traceId=, parentId=, spanId=, sampled= [io.qu.op.ru.tr.in.ve.OpenTelemetryVertxTracingFactory$VertxDelegator] (vert.x-eventloop-thread-0) VertxTracer delegate not set. Will not submit this trace. Response: io.vertx.sqlclient.impl.RowSetImpl@4bb5b860; Failure: null.
17:18:12 WARN  traceId=, parentId=, spanId=, sampled= [io.qu.op.ru.tr.in.ve.OpenTelemetryVertxTracingFactory$VertxDelegator] (vert.x-eventloop-thread-0) VertxTracer delegate not set. Will not submit this trace. SpanKind: RPC; Request: io.vertx.sqlclient.impl.tracing.QueryRequest@47e76375; Operation:Query.
17:18:12 WARN  traceId=, parentId=, spanId=, sampled= [io.qu.op.ru.tr.in.ve.OpenTelemetryVertxTracingFactory$VertxDelegator] (vert.x-eventloop-thread-0) VertxTracer delegate not set. Will not submit this trace. Response: io.vertx.sqlclient.impl.RowSetImpl@15eb0888; Failure: null.
17:18:12 WARN  traceId=, parentId=, spanId=, sampled= [io.qu.hi.or.ru.se.QuarkusRuntimeInitDialectFactory] (JPA Startup Thread) Persistence unit default-reactive: Could not retrieve the database version to check it is at least 12.0.0
17:18:12 INFO  traceId=, parentId=, spanId=, sampled= [io.quarkus] (main) rest-heroes 1.0 native (powered by Quarkus 3.17.2) started in 0.090s. Listening on: http://0.0.0.0:8083
17:18:12 INFO  traceId=, parentId=, spanId=, sampled= [io.quarkus] (main) Profile prod activated. 
17:18:12 INFO  traceId=, parentId=, spanId=, sampled= [io.quarkus] (main) Installed features: [cdi, config-yaml, hibernate-orm, hibernate-reactive, hibernate-reactive-panache, hibernate-validator, kubernetes, micrometer, opentelemetry, qute, reactive-pg-client, rest, rest-jackson, rest-qute, smallrye-context-propagation, smallrye-health, smallrye-openapi, swagger-ui, vertx]
2024-12-11 12:18:12.457634742 -0500
2024-12-11 12:18:12.575421334
First Response Time in ms: 118
Footprint in MB:        : 104
1b701118ca9bd633f60b0bfaa2c4d4ea3de4c8922c2e84bd2df841cb62cebaee
1b701118ca9bd633f60b0bfaa2c4d4ea3de4c8922c2e84bd2df841cb62cebaee


   ___                   _                ____                        _
  / _ \ _   _  __ _ _ __| | ___   _ ___  / ___| _   _ _ __   ___ _ __| |__   ___ _ __ ___   ___  ___
 | | | | | | |/ _` | '__| |/ / | | / __| \___ \| | | | '_ \ / _ \ '__| '_ \ / _ \ '__/ _ \ / _ \/ __|
 | |_| | |_| | (_| | |  |   <| |_| \__ \  ___) | |_| | |_) |  __/ |  | | | |  __/ | | (_) |  __/\__ \
  \__\_\\__,_|\__,_|_|  |_|\_\\__,_|___/ |____/ \__,_| .__/ \___|_|  |_| |_|\___|_|  \___/ \___||___/
  _   _                                              |_|
 | | | | ___ _ __ ___   ___  ___
 | |_| |/ _ \ '__/ _ \ / _ \/ __|
 |  _  |  __/ | | (_) |  __/\__ \
 |_| |_|\___|_|  \___/ \___||___/


                                                                            Powered by Quarkus 3.17.2
17:18:25 WARN  traceId=, parentId=, spanId=, sampled= [io.qu.ru.co.ConfigRecorder] (main) Build time property cannot be changed at runtime:
 - %prod.quarkus.hibernate-orm.sql-load-script is set to 'no-file' but it is build time fixed to 'import.sql'. Did you change the property %prod.quarkus.hibernate-orm.sql-load-script after building the application?
17:18:25 INFO  traceId=, parentId=, spanId=, sampled= [or.hi.re.pr.im.ReactiveIntegrator] (JPA Startup Thread) HR000001: Hibernate Reactive
17:18:25 WARN  traceId=, parentId=, spanId=, sampled= [io.qu.op.ru.tr.in.ve.OpenTelemetryVertxTracingFactory$VertxDelegator] (vert.x-eventloop-thread-0) VertxTracer delegate not set. Will not submit this trace. SpanKind: RPC; Request: io.vertx.sqlclient.impl.tracing.QueryRequest@8945372; Operation:Query.
17:18:25 WARN  traceId=, parentId=, spanId=, sampled= [io.qu.op.ru.tr.in.ve.OpenTelemetryVertxTracingFactory$VertxDelegator] (vert.x-eventloop-thread-0) VertxTracer delegate not set. Will not submit this trace. Response: io.vertx.sqlclient.impl.RowSetImpl@4e58ddf7; Failure: null.
17:18:25 WARN  traceId=, parentId=, spanId=, sampled= [io.qu.op.ru.tr.in.ve.OpenTelemetryVertxTracingFactory$VertxDelegator] (vert.x-eventloop-thread-0) VertxTracer delegate not set. Will not submit this trace. SpanKind: RPC; Request: io.vertx.sqlclient.impl.tracing.QueryRequest@6f2c4410; Operation:Query.
17:18:25 WARN  traceId=, parentId=, spanId=, sampled= [io.qu.op.ru.tr.in.ve.OpenTelemetryVertxTracingFactory$VertxDelegator] (vert.x-eventloop-thread-0) VertxTracer delegate not set. Will not submit this trace. Response: io.vertx.sqlclient.impl.RowSetImpl@2a0ad55f; Failure: null.
17:18:25 WARN  traceId=, parentId=, spanId=, sampled= [io.qu.op.ru.tr.in.ve.OpenTelemetryVertxTracingFactory$VertxDelegator] (vert.x-eventloop-thread-0) VertxTracer delegate not set. Will not submit this trace. SpanKind: RPC; Request: io.vertx.sqlclient.impl.tracing.QueryRequest@3906e309; Operation:Query.
17:18:25 WARN  traceId=, parentId=, spanId=, sampled= [io.qu.op.ru.tr.in.ve.OpenTelemetryVertxTracingFactory$VertxDelegator] (vert.x-eventloop-thread-0) VertxTracer delegate not set. Will not submit this trace. Response: io.vertx.sqlclient.impl.RowSetImpl@71808cef; Failure: null.
17:18:25 WARN  traceId=, parentId=, spanId=, sampled= [io.qu.hi.or.ru.se.QuarkusRuntimeInitDialectFactory] (JPA Startup Thread) Persistence unit default-reactive: Could not retrieve the database version to check it is at least 12.0.0
17:18:25 INFO  traceId=, parentId=, spanId=, sampled= [io.quarkus] (main) rest-heroes 1.0 native (powered by Quarkus 3.17.2) started in 0.091s. Listening on: http://0.0.0.0:8083
17:18:25 INFO  traceId=, parentId=, spanId=, sampled= [io.quarkus] (main) Profile prod activated. 
17:18:25 INFO  traceId=, parentId=, spanId=, sampled= [io.quarkus] (main) Installed features: [cdi, config-yaml, hibernate-orm, hibernate-reactive, hibernate-reactive-panache, hibernate-validator, kubernetes, micrometer, opentelemetry, qute, reactive-pg-client, rest, rest-jackson, rest-qute, smallrye-context-propagation, smallrye-health, smallrye-openapi, swagger-ui, vertx]
2024-12-11 12:18:25.331209048 -0500
2024-12-11 12:18:25.452038510
First Response Time in ms: 121
Footprint in MB:        : 106
9599a0157c50336baad9c4435bff8f9d9b28050a62f4eddb5a536fce2c491b67
9599a0157c50336baad9c4435bff8f9d9b28050a62f4eddb5a536fce2c491b67


   ___                   _                ____                        _
  / _ \ _   _  __ _ _ __| | ___   _ ___  / ___| _   _ _ __   ___ _ __| |__   ___ _ __ ___   ___  ___
 | | | | | | |/ _` | '__| |/ / | | / __| \___ \| | | | '_ \ / _ \ '__| '_ \ / _ \ '__/ _ \ / _ \/ __|
 | |_| | |_| | (_| | |  |   <| |_| \__ \  ___) | |_| | |_) |  __/ |  | | | |  __/ | | (_) |  __/\__ \
  \__\_\\__,_|\__,_|_|  |_|\_\\__,_|___/ |____/ \__,_| .__/ \___|_|  |_| |_|\___|_|  \___/ \___||___/
  _   _                                              |_|
 | | | | ___ _ __ ___   ___  ___
 | |_| |/ _ \ '__/ _ \ / _ \/ __|
 |  _  |  __/ | | (_) |  __/\__ \
 |_| |_|\___|_|  \___/ \___||___/


                                                                            Powered by Quarkus 3.17.2
17:18:38 WARN  traceId=, parentId=, spanId=, sampled= [io.qu.ru.co.ConfigRecorder] (main) Build time property cannot be changed at runtime:
 - %prod.quarkus.hibernate-orm.sql-load-script is set to 'no-file' but it is build time fixed to 'import.sql'. Did you change the property %prod.quarkus.hibernate-orm.sql-load-script after building the application?
17:18:38 INFO  traceId=, parentId=, spanId=, sampled= [or.hi.re.pr.im.ReactiveIntegrator] (JPA Startup Thread) HR000001: Hibernate Reactive
17:18:38 WARN  traceId=, parentId=, spanId=, sampled= [io.qu.op.ru.tr.in.ve.OpenTelemetryVertxTracingFactory$VertxDelegator] (vert.x-eventloop-thread-0) VertxTracer delegate not set. Will not submit this trace. SpanKind: RPC; Request: io.vertx.sqlclient.impl.tracing.QueryRequest@1c26af2b; Operation:Query.
17:18:38 WARN  traceId=, parentId=, spanId=, sampled= [io.qu.op.ru.tr.in.ve.OpenTelemetryVertxTracingFactory$VertxDelegator] (vert.x-eventloop-thread-0) VertxTracer delegate not set. Will not submit this trace. Response: io.vertx.sqlclient.impl.RowSetImpl@256b2568; Failure: null.
17:18:38 WARN  traceId=, parentId=, spanId=, sampled= [io.qu.op.ru.tr.in.ve.OpenTelemetryVertxTracingFactory$VertxDelegator] (vert.x-eventloop-thread-0) VertxTracer delegate not set. Will not submit this trace. SpanKind: RPC; Request: io.vertx.sqlclient.impl.tracing.QueryRequest@1f4c18c; Operation:Query.
17:18:38 WARN  traceId=, parentId=, spanId=, sampled= [io.qu.op.ru.tr.in.ve.OpenTelemetryVertxTracingFactory$VertxDelegator] (vert.x-eventloop-thread-0) VertxTracer delegate not set. Will not submit this trace. Response: io.vertx.sqlclient.impl.RowSetImpl@3f1c6e6e; Failure: null.
17:18:38 WARN  traceId=, parentId=, spanId=, sampled= [io.qu.op.ru.tr.in.ve.OpenTelemetryVertxTracingFactory$VertxDelegator] (vert.x-eventloop-thread-0) VertxTracer delegate not set. Will not submit this trace. SpanKind: RPC; Request: io.vertx.sqlclient.impl.tracing.QueryRequest@e4051e4; Operation:Query.
17:18:38 WARN  traceId=, parentId=, spanId=, sampled= [io.qu.op.ru.tr.in.ve.OpenTelemetryVertxTracingFactory$VertxDelegator] (vert.x-eventloop-thread-0) VertxTracer delegate not set. Will not submit this trace. Response: io.vertx.sqlclient.impl.RowSetImpl@12df56be; Failure: null.
17:18:38 WARN  traceId=, parentId=, spanId=, sampled= [io.qu.hi.or.ru.se.QuarkusRuntimeInitDialectFactory] (JPA Startup Thread) Persistence unit default-reactive: Could not retrieve the database version to check it is at least 12.0.0
17:18:38 INFO  traceId=, parentId=, spanId=, sampled= [io.quarkus] (main) rest-heroes 1.0 native (powered by Quarkus 3.17.2) started in 0.090s. Listening on: http://0.0.0.0:8083
17:18:38 INFO  traceId=, parentId=, spanId=, sampled= [io.quarkus] (main) Profile prod activated. 
17:18:38 INFO  traceId=, parentId=, spanId=, sampled= [io.quarkus] (main) Installed features: [cdi, config-yaml, hibernate-orm, hibernate-reactive, hibernate-reactive-panache, hibernate-validator, kubernetes, micrometer, opentelemetry, qute, reactive-pg-client, rest, rest-jackson, rest-qute, smallrye-context-propagation, smallrye-health, smallrye-openapi, swagger-ui, vertx]
2024-12-11 12:18:38.238955014 -0500
2024-12-11 12:18:38.357184007
First Response Time in ms: 119
Footprint in MB:        : 104
fe9a468a3e4599c2ba0e97d53404b59327c52841f00ed65c61c03db540e01649
fe9a468a3e4599c2ba0e97d53404b59327c52841f00ed65c61c03db540e01649


   ___                   _                ____                        _
  / _ \ _   _  __ _ _ __| | ___   _ ___  / ___| _   _ _ __   ___ _ __| |__   ___ _ __ ___   ___  ___
 | | | | | | |/ _` | '__| |/ / | | / __| \___ \| | | | '_ \ / _ \ '__| '_ \ / _ \ '__/ _ \ / _ \/ __|
 | |_| | |_| | (_| | |  |   <| |_| \__ \  ___) | |_| | |_) |  __/ |  | | | |  __/ | | (_) |  __/\__ \
  \__\_\\__,_|\__,_|_|  |_|\_\\__,_|___/ |____/ \__,_| .__/ \___|_|  |_| |_|\___|_|  \___/ \___||___/
  _   _                                              |_|
 | | | | ___ _ __ ___   ___  ___
 | |_| |/ _ \ '__/ _ \ / _ \/ __|
 |  _  |  __/ | | (_) |  __/\__ \
 |_| |_|\___|_|  \___/ \___||___/


                                                                            Powered by Quarkus 3.17.2
17:18:51 WARN  traceId=, parentId=, spanId=, sampled= [io.qu.ru.co.ConfigRecorder] (main) Build time property cannot be changed at runtime:
 - %prod.quarkus.hibernate-orm.sql-load-script is set to 'no-file' but it is build time fixed to 'import.sql'. Did you change the property %prod.quarkus.hibernate-orm.sql-load-script after building the application?
17:18:51 INFO  traceId=, parentId=, spanId=, sampled= [or.hi.re.pr.im.ReactiveIntegrator] (JPA Startup Thread) HR000001: Hibernate Reactive
17:18:51 WARN  traceId=, parentId=, spanId=, sampled= [io.qu.op.ru.tr.in.ve.OpenTelemetryVertxTracingFactory$VertxDelegator] (vert.x-eventloop-thread-0) VertxTracer delegate not set. Will not submit this trace. SpanKind: RPC; Request: io.vertx.sqlclient.impl.tracing.QueryRequest@1c7ae045; Operation:Query.
17:18:51 WARN  traceId=, parentId=, spanId=, sampled= [io.qu.op.ru.tr.in.ve.OpenTelemetryVertxTracingFactory$VertxDelegator] (vert.x-eventloop-thread-0) VertxTracer delegate not set. Will not submit this trace. Response: io.vertx.sqlclient.impl.RowSetImpl@614351cb; Failure: null.
17:18:51 WARN  traceId=, parentId=, spanId=, sampled= [io.qu.op.ru.tr.in.ve.OpenTelemetryVertxTracingFactory$VertxDelegator] (vert.x-eventloop-thread-0) VertxTracer delegate not set. Will not submit this trace. SpanKind: RPC; Request: io.vertx.sqlclient.impl.tracing.QueryRequest@75127cb6; Operation:Query.
17:18:51 WARN  traceId=, parentId=, spanId=, sampled= [io.qu.op.ru.tr.in.ve.OpenTelemetryVertxTracingFactory$VertxDelegator] (vert.x-eventloop-thread-0) VertxTracer delegate not set. Will not submit this trace. Response: io.vertx.sqlclient.impl.RowSetImpl@6c0304c0; Failure: null.
17:18:51 WARN  traceId=, parentId=, spanId=, sampled= [io.qu.op.ru.tr.in.ve.OpenTelemetryVertxTracingFactory$VertxDelegator] (vert.x-eventloop-thread-0) VertxTracer delegate not set. Will not submit this trace. SpanKind: RPC; Request: io.vertx.sqlclient.impl.tracing.QueryRequest@355525a7; Operation:Query.
17:18:51 WARN  traceId=, parentId=, spanId=, sampled= [io.qu.op.ru.tr.in.ve.OpenTelemetryVertxTracingFactory$VertxDelegator] (vert.x-eventloop-thread-0) VertxTracer delegate not set. Will not submit this trace. Response: io.vertx.sqlclient.impl.RowSetImpl@6b79a910; Failure: null.
17:18:51 WARN  traceId=, parentId=, spanId=, sampled= [io.qu.hi.or.ru.se.QuarkusRuntimeInitDialectFactory] (JPA Startup Thread) Persistence unit default-reactive: Could not retrieve the database version to check it is at least 12.0.0
17:18:51 INFO  traceId=, parentId=, spanId=, sampled= [io.quarkus] (main) rest-heroes 1.0 native (powered by Quarkus 3.17.2) started in 0.089s. Listening on: http://0.0.0.0:8083
17:18:51 INFO  traceId=, parentId=, spanId=, sampled= [io.quarkus] (main) Profile prod activated. 
17:18:51 INFO  traceId=, parentId=, spanId=, sampled= [io.quarkus] (main) Installed features: [cdi, config-yaml, hibernate-orm, hibernate-reactive, hibernate-reactive-panache, hibernate-validator, kubernetes, micrometer, opentelemetry, qute, reactive-pg-client, rest, rest-jackson, rest-qute, smallrye-context-propagation, smallrye-health, smallrye-openapi, swagger-ui, vertx]
2024-12-11 12:18:51.149444033 -0500
2024-12-11 12:18:51.264639118
First Response Time in ms: 115
Footprint in MB:        : 102
8a9adb66825839323f1a3adf2e55eb61bb843332fcb39015d490b56bfae6b922
8a9adb66825839323f1a3adf2e55eb61bb843332fcb39015d490b56bfae6b922


   ___                   _                ____                        _
  / _ \ _   _  __ _ _ __| | ___   _ ___  / ___| _   _ _ __   ___ _ __| |__   ___ _ __ ___   ___  ___
 | | | | | | |/ _` | '__| |/ / | | / __| \___ \| | | | '_ \ / _ \ '__| '_ \ / _ \ '__/ _ \ / _ \/ __|
 | |_| | |_| | (_| | |  |   <| |_| \__ \  ___) | |_| | |_) |  __/ |  | | | |  __/ | | (_) |  __/\__ \
  \__\_\\__,_|\__,_|_|  |_|\_\\__,_|___/ |____/ \__,_| .__/ \___|_|  |_| |_|\___|_|  \___/ \___||___/
  _   _                                              |_|
 | | | | ___ _ __ ___   ___  ___
 | |_| |/ _ \ '__/ _ \ / _ \/ __|
 |  _  |  __/ | | (_) |  __/\__ \
 |_| |_|\___|_|  \___/ \___||___/


                                                                            Powered by Quarkus 3.17.2
17:19:04 WARN  traceId=, parentId=, spanId=, sampled= [io.qu.ru.co.ConfigRecorder] (main) Build time property cannot be changed at runtime:
 - %prod.quarkus.hibernate-orm.sql-load-script is set to 'no-file' but it is build time fixed to 'import.sql'. Did you change the property %prod.quarkus.hibernate-orm.sql-load-script after building the application?
17:19:04 INFO  traceId=, parentId=, spanId=, sampled= [or.hi.re.pr.im.ReactiveIntegrator] (JPA Startup Thread) HR000001: Hibernate Reactive
17:19:04 WARN  traceId=, parentId=, spanId=, sampled= [io.qu.op.ru.tr.in.ve.OpenTelemetryVertxTracingFactory$VertxDelegator] (vert.x-eventloop-thread-0) VertxTracer delegate not set. Will not submit this trace. SpanKind: RPC; Request: io.vertx.sqlclient.impl.tracing.QueryRequest@c135b2d; Operation:Query.
17:19:04 WARN  traceId=, parentId=, spanId=, sampled= [io.qu.op.ru.tr.in.ve.OpenTelemetryVertxTracingFactory$VertxDelegator] (vert.x-eventloop-thread-0) VertxTracer delegate not set. Will not submit this trace. Response: io.vertx.sqlclient.impl.RowSetImpl@382fbc18; Failure: null.
17:19:04 WARN  traceId=, parentId=, spanId=, sampled= [io.qu.op.ru.tr.in.ve.OpenTelemetryVertxTracingFactory$VertxDelegator] (vert.x-eventloop-thread-0) VertxTracer delegate not set. Will not submit this trace. SpanKind: RPC; Request: io.vertx.sqlclient.impl.tracing.QueryRequest@74fded3; Operation:Query.
17:19:04 WARN  traceId=, parentId=, spanId=, sampled= [io.qu.op.ru.tr.in.ve.OpenTelemetryVertxTracingFactory$VertxDelegator] (vert.x-eventloop-thread-0) VertxTracer delegate not set. Will not submit this trace. Response: io.vertx.sqlclient.impl.RowSetImpl@79e2f949; Failure: null.
17:19:04 WARN  traceId=, parentId=, spanId=, sampled= [io.qu.op.ru.tr.in.ve.OpenTelemetryVertxTracingFactory$VertxDelegator] (vert.x-eventloop-thread-0) VertxTracer delegate not set. Will not submit this trace. SpanKind: RPC; Request: io.vertx.sqlclient.impl.tracing.QueryRequest@7ab01c71; Operation:Query.
17:19:04 WARN  traceId=, parentId=, spanId=, sampled= [io.qu.op.ru.tr.in.ve.OpenTelemetryVertxTracingFactory$VertxDelegator] (vert.x-eventloop-thread-0) VertxTracer delegate not set. Will not submit this trace. Response: io.vertx.sqlclient.impl.RowSetImpl@44cff7e; Failure: null.
17:19:04 WARN  traceId=, parentId=, spanId=, sampled= [io.qu.hi.or.ru.se.QuarkusRuntimeInitDialectFactory] (JPA Startup Thread) Persistence unit default-reactive: Could not retrieve the database version to check it is at least 12.0.0
17:19:04 INFO  traceId=, parentId=, spanId=, sampled= [io.quarkus] (main) rest-heroes 1.0 native (powered by Quarkus 3.17.2) started in 0.090s. Listening on: http://0.0.0.0:8083
17:19:04 INFO  traceId=, parentId=, spanId=, sampled= [io.quarkus] (main) Profile prod activated. 
17:19:04 INFO  traceId=, parentId=, spanId=, sampled= [io.quarkus] (main) Installed features: [cdi, config-yaml, hibernate-orm, hibernate-reactive, hibernate-reactive-panache, hibernate-validator, kubernetes, micrometer, opentelemetry, qute, reactive-pg-client, rest, rest-jackson, rest-qute, smallrye-context-propagation, smallrye-health, smallrye-openapi, swagger-ui, vertx]
2024-12-11 12:19:04.018437105 -0500
2024-12-11 12:19:04.134864362
First Response Time in ms: 116
Footprint in MB:        : 110
a2e6e8f1cb70e12d1de87cace989846758e442a5f33a260da4bc5abd1eacba3a
a2e6e8f1cb70e12d1de87cace989846758e442a5f33a260da4bc5abd1eacba3a


   ___                   _                ____                        _
  / _ \ _   _  __ _ _ __| | ___   _ ___  / ___| _   _ _ __   ___ _ __| |__   ___ _ __ ___   ___  ___
 | | | | | | |/ _` | '__| |/ / | | / __| \___ \| | | | '_ \ / _ \ '__| '_ \ / _ \ '__/ _ \ / _ \/ __|
 | |_| | |_| | (_| | |  |   <| |_| \__ \  ___) | |_| | |_) |  __/ |  | | | |  __/ | | (_) |  __/\__ \
  \__\_\\__,_|\__,_|_|  |_|\_\\__,_|___/ |____/ \__,_| .__/ \___|_|  |_| |_|\___|_|  \___/ \___||___/
  _   _                                              |_|
 | | | | ___ _ __ ___   ___  ___
 | |_| |/ _ \ '__/ _ \ / _ \/ __|
 |  _  |  __/ | | (_) |  __/\__ \
 |_| |_|\___|_|  \___/ \___||___/


                                                                            Powered by Quarkus 3.17.2
17:19:16 WARN  traceId=, parentId=, spanId=, sampled= [io.qu.ru.co.ConfigRecorder] (main) Build time property cannot be changed at runtime:
 - %prod.quarkus.hibernate-orm.sql-load-script is set to 'no-file' but it is build time fixed to 'import.sql'. Did you change the property %prod.quarkus.hibernate-orm.sql-load-script after building the application?
17:19:16 INFO  traceId=, parentId=, spanId=, sampled= [or.hi.re.pr.im.ReactiveIntegrator] (JPA Startup Thread) HR000001: Hibernate Reactive
17:19:16 WARN  traceId=, parentId=, spanId=, sampled= [io.qu.op.ru.tr.in.ve.OpenTelemetryVertxTracingFactory$VertxDelegator] (vert.x-eventloop-thread-0) VertxTracer delegate not set. Will not submit this trace. SpanKind: RPC; Request: io.vertx.sqlclient.impl.tracing.QueryRequest@2eadaa10; Operation:Query.
17:19:16 WARN  traceId=, parentId=, spanId=, sampled= [io.qu.op.ru.tr.in.ve.OpenTelemetryVertxTracingFactory$VertxDelegator] (vert.x-eventloop-thread-0) VertxTracer delegate not set. Will not submit this trace. Response: io.vertx.sqlclient.impl.RowSetImpl@7c98d4e7; Failure: null.
17:19:16 WARN  traceId=, parentId=, spanId=, sampled= [io.qu.op.ru.tr.in.ve.OpenTelemetryVertxTracingFactory$VertxDelegator] (vert.x-eventloop-thread-0) VertxTracer delegate not set. Will not submit this trace. SpanKind: RPC; Request: io.vertx.sqlclient.impl.tracing.QueryRequest@1ac8ac7d; Operation:Query.
17:19:16 WARN  traceId=, parentId=, spanId=, sampled= [io.qu.op.ru.tr.in.ve.OpenTelemetryVertxTracingFactory$VertxDelegator] (vert.x-eventloop-thread-0) VertxTracer delegate not set. Will not submit this trace. Response: io.vertx.sqlclient.impl.RowSetImpl@3816991; Failure: null.
17:19:16 WARN  traceId=, parentId=, spanId=, sampled= [io.qu.op.ru.tr.in.ve.OpenTelemetryVertxTracingFactory$VertxDelegator] (vert.x-eventloop-thread-0) VertxTracer delegate not set. Will not submit this trace. SpanKind: RPC; Request: io.vertx.sqlclient.impl.tracing.QueryRequest@5f6d7073; Operation:Query.
17:19:16 WARN  traceId=, parentId=, spanId=, sampled= [io.qu.op.ru.tr.in.ve.OpenTelemetryVertxTracingFactory$VertxDelegator] (vert.x-eventloop-thread-0) VertxTracer delegate not set. Will not submit this trace. Response: io.vertx.sqlclient.impl.RowSetImpl@456368d8; Failure: null.
17:19:16 WARN  traceId=, parentId=, spanId=, sampled= [io.qu.hi.or.ru.se.QuarkusRuntimeInitDialectFactory] (JPA Startup Thread) Persistence unit default-reactive: Could not retrieve the database version to check it is at least 12.0.0
17:19:17 INFO  traceId=, parentId=, spanId=, sampled= [io.quarkus] (main) rest-heroes 1.0 native (powered by Quarkus 3.17.2) started in 0.093s. Listening on: http://0.0.0.0:8083
17:19:17 INFO  traceId=, parentId=, spanId=, sampled= [io.quarkus] (main) Profile prod activated. 
17:19:17 INFO  traceId=, parentId=, spanId=, sampled= [io.quarkus] (main) Installed features: [cdi, config-yaml, hibernate-orm, hibernate-reactive, hibernate-reactive-panache, hibernate-validator, kubernetes, micrometer, opentelemetry, qute, reactive-pg-client, rest, rest-jackson, rest-qute, smallrye-context-propagation, smallrye-health, smallrye-openapi, swagger-ui, vertx]
2024-12-11 12:19:16.911456374 -0500
2024-12-11 12:19:17.032257643
First Response Time in ms: 121
Footprint in MB:        : 112
1c1b2e4b297a75163a9d058b9fbebdd2eb57fd5f8a424fca479064c8f5ae5f43
1c1b2e4b297a75163a9d058b9fbebdd2eb57fd5f8a424fca479064c8f5ae5f43


   ___                   _                ____                        _
  / _ \ _   _  __ _ _ __| | ___   _ ___  / ___| _   _ _ __   ___ _ __| |__   ___ _ __ ___   ___  ___
 | | | | | | |/ _` | '__| |/ / | | / __| \___ \| | | | '_ \ / _ \ '__| '_ \ / _ \ '__/ _ \ / _ \/ __|
 | |_| | |_| | (_| | |  |   <| |_| \__ \  ___) | |_| | |_) |  __/ |  | | | |  __/ | | (_) |  __/\__ \
  \__\_\\__,_|\__,_|_|  |_|\_\\__,_|___/ |____/ \__,_| .__/ \___|_|  |_| |_|\___|_|  \___/ \___||___/
  _   _                                              |_|
 | | | | ___ _ __ ___   ___  ___
 | |_| |/ _ \ '__/ _ \ / _ \/ __|
 |  _  |  __/ | | (_) |  __/\__ \
 |_| |_|\___|_|  \___/ \___||___/


                                                                            Powered by Quarkus 3.17.2
17:19:29 WARN  traceId=, parentId=, spanId=, sampled= [io.qu.ru.co.ConfigRecorder] (main) Build time property cannot be changed at runtime:
 - %prod.quarkus.hibernate-orm.sql-load-script is set to 'no-file' but it is build time fixed to 'import.sql'. Did you change the property %prod.quarkus.hibernate-orm.sql-load-script after building the application?
17:19:29 INFO  traceId=, parentId=, spanId=, sampled= [or.hi.re.pr.im.ReactiveIntegrator] (JPA Startup Thread) HR000001: Hibernate Reactive
17:19:29 WARN  traceId=, parentId=, spanId=, sampled= [io.qu.op.ru.tr.in.ve.OpenTelemetryVertxTracingFactory$VertxDelegator] (vert.x-eventloop-thread-0) VertxTracer delegate not set. Will not submit this trace. SpanKind: RPC; Request: io.vertx.sqlclient.impl.tracing.QueryRequest@491b860e; Operation:Query.
17:19:29 WARN  traceId=, parentId=, spanId=, sampled= [io.qu.op.ru.tr.in.ve.OpenTelemetryVertxTracingFactory$VertxDelegator] (vert.x-eventloop-thread-0) VertxTracer delegate not set. Will not submit this trace. Response: io.vertx.sqlclient.impl.RowSetImpl@4d7710f1; Failure: null.
17:19:29 WARN  traceId=, parentId=, spanId=, sampled= [io.qu.op.ru.tr.in.ve.OpenTelemetryVertxTracingFactory$VertxDelegator] (vert.x-eventloop-thread-0) VertxTracer delegate not set. Will not submit this trace. SpanKind: RPC; Request: io.vertx.sqlclient.impl.tracing.QueryRequest@24b2e815; Operation:Query.
17:19:29 WARN  traceId=, parentId=, spanId=, sampled= [io.qu.op.ru.tr.in.ve.OpenTelemetryVertxTracingFactory$VertxDelegator] (vert.x-eventloop-thread-0) VertxTracer delegate not set. Will not submit this trace. Response: io.vertx.sqlclient.impl.RowSetImpl@5ad98fe4; Failure: null.
17:19:29 WARN  traceId=, parentId=, spanId=, sampled= [io.qu.op.ru.tr.in.ve.OpenTelemetryVertxTracingFactory$VertxDelegator] (vert.x-eventloop-thread-0) VertxTracer delegate not set. Will not submit this trace. SpanKind: RPC; Request: io.vertx.sqlclient.impl.tracing.QueryRequest@19e700ae; Operation:Query.
17:19:29 WARN  traceId=, parentId=, spanId=, sampled= [io.qu.op.ru.tr.in.ve.OpenTelemetryVertxTracingFactory$VertxDelegator] (vert.x-eventloop-thread-0) VertxTracer delegate not set. Will not submit this trace. Response: io.vertx.sqlclient.impl.RowSetImpl@30da005c; Failure: null.
17:19:29 WARN  traceId=, parentId=, spanId=, sampled= [io.qu.hi.or.ru.se.QuarkusRuntimeInitDialectFactory] (JPA Startup Thread) Persistence unit default-reactive: Could not retrieve the database version to check it is at least 12.0.0
17:19:29 INFO  traceId=, parentId=, spanId=, sampled= [io.quarkus] (main) rest-heroes 1.0 native (powered by Quarkus 3.17.2) started in 0.090s. Listening on: http://0.0.0.0:8083
17:19:29 INFO  traceId=, parentId=, spanId=, sampled= [io.quarkus] (main) Profile prod activated. 
17:19:29 INFO  traceId=, parentId=, spanId=, sampled= [io.quarkus] (main) Installed features: [cdi, config-yaml, hibernate-orm, hibernate-reactive, hibernate-reactive-panache, hibernate-validator, kubernetes, micrometer, opentelemetry, qute, reactive-pg-client, rest, rest-jackson, rest-qute, smallrye-context-propagation, smallrye-health, smallrye-openapi, swagger-ui, vertx]
2024-12-11 12:19:29.777361635 -0500
2024-12-11 12:19:29.890669625
First Response Time in ms: 113
Footprint in MB:        : 104
b3af7e718f564b5dadcbcec2fac2ad89ee56048a14b009209aed4f82af109cfc
b3af7e718f564b5dadcbcec2fac2ad89ee56048a14b009209aed4f82af109cfc


   ___                   _                ____                        _
  / _ \ _   _  __ _ _ __| | ___   _ ___  / ___| _   _ _ __   ___ _ __| |__   ___ _ __ ___   ___  ___
 | | | | | | |/ _` | '__| |/ / | | / __| \___ \| | | | '_ \ / _ \ '__| '_ \ / _ \ '__/ _ \ / _ \/ __|
 | |_| | |_| | (_| | |  |   <| |_| \__ \  ___) | |_| | |_) |  __/ |  | | | |  __/ | | (_) |  __/\__ \
  \__\_\\__,_|\__,_|_|  |_|\_\\__,_|___/ |____/ \__,_| .__/ \___|_|  |_| |_|\___|_|  \___/ \___||___/
  _   _                                              |_|
 | | | | ___ _ __ ___   ___  ___
 | |_| |/ _ \ '__/ _ \ / _ \/ __|
 |  _  |  __/ | | (_) |  __/\__ \
 |_| |_|\___|_|  \___/ \___||___/


                                                                            Powered by Quarkus 3.17.2
17:19:42 WARN  traceId=, parentId=, spanId=, sampled= [io.qu.ru.co.ConfigRecorder] (main) Build time property cannot be changed at runtime:
 - %prod.quarkus.hibernate-orm.sql-load-script is set to 'no-file' but it is build time fixed to 'import.sql'. Did you change the property %prod.quarkus.hibernate-orm.sql-load-script after building the application?
17:19:42 INFO  traceId=, parentId=, spanId=, sampled= [or.hi.re.pr.im.ReactiveIntegrator] (JPA Startup Thread) HR000001: Hibernate Reactive
17:19:42 WARN  traceId=, parentId=, spanId=, sampled= [io.qu.op.ru.tr.in.ve.OpenTelemetryVertxTracingFactory$VertxDelegator] (vert.x-eventloop-thread-0) VertxTracer delegate not set. Will not submit this trace. SpanKind: RPC; Request: io.vertx.sqlclient.impl.tracing.QueryRequest@5f56ba49; Operation:Query.
17:19:42 WARN  traceId=, parentId=, spanId=, sampled= [io.qu.op.ru.tr.in.ve.OpenTelemetryVertxTracingFactory$VertxDelegator] (vert.x-eventloop-thread-0) VertxTracer delegate not set. Will not submit this trace. Response: io.vertx.sqlclient.impl.RowSetImpl@2f08e723; Failure: null.
17:19:42 WARN  traceId=, parentId=, spanId=, sampled= [io.qu.op.ru.tr.in.ve.OpenTelemetryVertxTracingFactory$VertxDelegator] (vert.x-eventloop-thread-0) VertxTracer delegate not set. Will not submit this trace. SpanKind: RPC; Request: io.vertx.sqlclient.impl.tracing.QueryRequest@580bfbf9; Operation:Query.
17:19:42 WARN  traceId=, parentId=, spanId=, sampled= [io.qu.op.ru.tr.in.ve.OpenTelemetryVertxTracingFactory$VertxDelegator] (vert.x-eventloop-thread-0) VertxTracer delegate not set. Will not submit this trace. Response: io.vertx.sqlclient.impl.RowSetImpl@444a637d; Failure: null.
17:19:42 WARN  traceId=, parentId=, spanId=, sampled= [io.qu.op.ru.tr.in.ve.OpenTelemetryVertxTracingFactory$VertxDelegator] (vert.x-eventloop-thread-0) VertxTracer delegate not set. Will not submit this trace. SpanKind: RPC; Request: io.vertx.sqlclient.impl.tracing.QueryRequest@436a3991; Operation:Query.
17:19:42 WARN  traceId=, parentId=, spanId=, sampled= [io.qu.op.ru.tr.in.ve.OpenTelemetryVertxTracingFactory$VertxDelegator] (vert.x-eventloop-thread-0) VertxTracer delegate not set. Will not submit this trace. Response: io.vertx.sqlclient.impl.RowSetImpl@4a242ece; Failure: null.
17:19:42 WARN  traceId=, parentId=, spanId=, sampled= [io.qu.hi.or.ru.se.QuarkusRuntimeInitDialectFactory] (JPA Startup Thread) Persistence unit default-reactive: Could not retrieve the database version to check it is at least 12.0.0
17:19:42 INFO  traceId=, parentId=, spanId=, sampled= [io.quarkus] (main) rest-heroes 1.0 native (powered by Quarkus 3.17.2) started in 0.091s. Listening on: http://0.0.0.0:8083
17:19:42 INFO  traceId=, parentId=, spanId=, sampled= [io.quarkus] (main) Profile prod activated. 
17:19:42 INFO  traceId=, parentId=, spanId=, sampled= [io.quarkus] (main) Installed features: [cdi, config-yaml, hibernate-orm, hibernate-reactive, hibernate-reactive-panache, hibernate-validator, kubernetes, micrometer, opentelemetry, qute, reactive-pg-client, rest, rest-jackson, rest-qute, smallrye-context-propagation, smallrye-health, smallrye-openapi, swagger-ui, vertx]
2024-12-11 12:19:42.673974835 -0500
2024-12-11 12:19:42.795428122
First Response Time in ms: 122
Footprint in MB:        : 102
e1ef14b89fc20746c28931e5c035c5283a0ea0695affcaa107d9f319d1a2decd
e1ef14b89fc20746c28931e5c035c5283a0ea0695affcaa107d9f319d1a2decd
