Testing rest-villains:semeru

2024-12-11 16:47:28.142810464 -0500
2024-12-11 16:47:28.347733646
First Response Time in ms: 205
Footprint in MB:        : 144
322e2b091a8aaa426588e967951312f7b444820ea2892e26af2172194935ce9e
322e2b091a8aaa426588e967951312f7b444820ea2892e26af2172194935ce9e

2024-12-11 16:47:41.144202561 -0500
2024-12-11 16:47:41.353450375
First Response Time in ms: 209
Footprint in MB:        : 142
9a7ab8a168bd1af6b52c71a2bc3323448e6773a5f47f13e2bcae6767954d3205
9a7ab8a168bd1af6b52c71a2bc3323448e6773a5f47f13e2bcae6767954d3205

2024-12-11 16:47:54.175987802 -0500
2024-12-11 16:47:54.395168161
First Response Time in ms: 220
Footprint in MB:        : 140
80ddccbc934d81c493c4eb03feedd4659ee59078488ac0dd126ee429065aacc5
80ddccbc934d81c493c4eb03feedd4659ee59078488ac0dd126ee429065aacc5

2024-12-11 16:48:07.184242332 -0500
2024-12-11 16:48:07.402442041
First Response Time in ms: 218
Footprint in MB:        : 141
be8aa6dde25f075e12bf0e73b8ab92fb7bf122105feac828c8e097f6c488d0f8
be8aa6dde25f075e12bf0e73b8ab92fb7bf122105feac828c8e097f6c488d0f8

2024-12-11 16:48:20.191255767 -0500
2024-12-11 16:48:20.393529355
First Response Time in ms: 202
Footprint in MB:        : 140
f4ad10c0831d952bc21c8928fb220bbadc1889a142b9176fcf6955a8eda64c95
f4ad10c0831d952bc21c8928fb220bbadc1889a142b9176fcf6955a8eda64c95

2024-12-11 16:48:33.206312689 -0500
2024-12-11 16:48:33.408477314
First Response Time in ms: 202
Footprint in MB:        : 143
07fed49a27132bfef03f1f2ba03e7b523dec17291aa9b3147e5cb63cc11436e4
07fed49a27132bfef03f1f2ba03e7b523dec17291aa9b3147e5cb63cc11436e4

2024-12-11 16:48:46.220747323 -0500
2024-12-11 16:48:46.445393430
First Response Time in ms: 225
Footprint in MB:        : 141
c7cfb837790af70610eda4445296248955e80a87d27abcca350e73cc768798fd
c7cfb837790af70610eda4445296248955e80a87d27abcca350e73cc768798fd

2024-12-11 16:48:59.250541379 -0500
2024-12-11 16:48:59.455608216
First Response Time in ms: 205
Footprint in MB:        : 142
e2077ac309c47ff1036c71d04eae405ef180d99b36157f2a1b0191a1b05d4c81
e2077ac309c47ff1036c71d04eae405ef180d99b36157f2a1b0191a1b05d4c81

2024-12-11 16:49:12.252651879 -0500
2024-12-11 16:49:12.449543187
First Response Time in ms: 197
Footprint in MB:        : 142
94a62866fc24f44a69a18c91b12ff40493ab28e78f8a21cccc2eff9aa4827ba2
94a62866fc24f44a69a18c91b12ff40493ab28e78f8a21cccc2eff9aa4827ba2

2024-12-11 16:49:25.258201156 -0500
2024-12-11 16:49:25.454037314
First Response Time in ms: 196
Footprint in MB:        : 143
2ee07a25ee1942384ce1371a952fd8fb3d427674d3d37f8391eae2d0451e549d
2ee07a25ee1942384ce1371a952fd8fb3d427674d3d37f8391eae2d0451e549d
