Testing rest-heroes:semeru

2024-12-11 12:14:11.396828557 -0500
2024-12-11 12:14:11.549287646
First Response Time in ms: 153
Footprint in MB:        : 136
e72d63a19573958368baa387daee697ef30d74139434f9617175dd858c95fba9
e72d63a19573958368baa387daee697ef30d74139434f9617175dd858c95fba9

2024-12-11 12:14:24.353428525 -0500
2024-12-11 12:14:24.532331374
First Response Time in ms: 179
Footprint in MB:        : 138
d1bc28edec1ef62d61a1b4c96e106faedecd19e2626c14da78faddfe172350a5
d1bc28edec1ef62d61a1b4c96e106faedecd19e2626c14da78faddfe172350a5

2024-12-11 12:14:37.33012955 -0500
2024-12-11 12:14:37.521647288
First Response Time in ms: 191
Footprint in MB:        : 138
fab4173dace530e8e0faf20f8e34492cdcafe23b37c5cf166677d2c20008c3aa
fab4173dace530e8e0faf20f8e34492cdcafe23b37c5cf166677d2c20008c3aa

2024-12-11 12:14:50.30131954 -0500
2024-12-11 12:14:50.501140998
First Response Time in ms: 200
Footprint in MB:        : 138
60d8606a41ee0af2db97c1949cbc34f1f40391a39522d4456215224a3a0ff506
60d8606a41ee0af2db97c1949cbc34f1f40391a39522d4456215224a3a0ff506

2024-12-11 12:15:03.314178617 -0500
2024-12-11 12:15:03.506550059
First Response Time in ms: 192
Footprint in MB:        : 138
d5399ac942e63a928515744642b43b6d05b49784d52d596440b3860426351699
d5399ac942e63a928515744642b43b6d05b49784d52d596440b3860426351699

2024-12-11 12:15:16.298073429 -0500
2024-12-11 12:15:16.502642288
First Response Time in ms: 204
Footprint in MB:        : 138
c6622bb87f972a4afcd3bed327fe8737930fa6a2e195dfbe484e067420b3b87e
c6622bb87f972a4afcd3bed327fe8737930fa6a2e195dfbe484e067420b3b87e

2024-12-11 12:15:29.307505599 -0500
2024-12-11 12:15:29.508406530
First Response Time in ms: 201
Footprint in MB:        : 138
2d67df24adca9b7c26677ec334db98c65ad509b9f8eb2bef81ca75e03e5f9182
2d67df24adca9b7c26677ec334db98c65ad509b9f8eb2bef81ca75e03e5f9182

2024-12-11 12:15:42.264057239 -0500
2024-12-11 12:15:42.458335844
First Response Time in ms: 194
Footprint in MB:        : 138
c430cdacc2cc965fe11818281677b9500ae5ce45fe0ae6623cd16d6948c43c38
c430cdacc2cc965fe11818281677b9500ae5ce45fe0ae6623cd16d6948c43c38

2024-12-11 12:15:55.242127574 -0500
2024-12-11 12:15:55.437895782
First Response Time in ms: 195
Footprint in MB:        : 138
02a8faef21cf5f28e03d5d27443b1e6328bea20a4e439979d3a4add9e4f65502
02a8faef21cf5f28e03d5d27443b1e6328bea20a4e439979d3a4add9e4f65502

2024-12-11 12:16:08.242944673 -0500
2024-12-11 12:16:08.436546180
First Response Time in ms: 194
Footprint in MB:        : 138
0f13a1f655442d9d1332d398e64f39106bec6ae2ba54b8696c4cd6d8b8302790
0f13a1f655442d9d1332d398e64f39106bec6ae2ba54b8696c4cd6d8b8302790
